<?xml version="1.0" encoding="UTF-8"?>
<testsuite name="com.project.love_data.LoveDataApplicationTests" tests="4" skipped="0" failures="1" errors="0" timestamp="2021-06-16T17:09:05" hostname="MYPC" time="0.016">
  <properties/>
  <testcase name="TempTest()" classname="com.project.love_data.LoveDataApplicationTests" time="0.003">
    <failure message="java.lang.IllegalArgumentException: Illegal character in opaque part at index 2: D:\Study\GitHub\Projects\Team Project\LoveData" type="java.lang.IllegalArgumentException">java.lang.IllegalArgumentException: Illegal character in opaque part at index 2: D:\Study\GitHub\Projects\Team Project\LoveData
	at java.net.URI.create(URI.java:852)
	at com.project.love_data.LoveDataApplicationTests.TempTest(LoveDataApplicationTests.java:37)
	at sun.reflect.NativeMethodAccessorImpl.invoke0(Native Method)
	at sun.reflect.NativeMethodAccessorImpl.invoke(NativeMethodAccessorImpl.java:62)
	at sun.reflect.DelegatingMethodAccessorImpl.invoke(DelegatingMethodAccessorImpl.java:43)
	at java.lang.reflect.Method.invoke(Method.java:498)
	at org.junit.platform.commons.util.ReflectionUtils.invokeMethod(ReflectionUtils.java:688)
	at org.junit.jupiter.engine.execution.MethodInvocation.proceed(MethodInvocation.java:60)
	at org.junit.jupiter.engine.execution.InvocationInterceptorChain$ValidatingInvocation.proceed(InvocationInterceptorChain.java:131)
	at org.junit.jupiter.engine.extension.TimeoutExtension.intercept(TimeoutExtension.java:149)
	at org.junit.jupiter.engine.extension.TimeoutExtension.interceptTestableMethod(TimeoutExtension.java:140)
	at org.junit.jupiter.engine.extension.TimeoutExtension.interceptTestMethod(TimeoutExtension.java:84)
	at org.junit.jupiter.engine.execution.ExecutableInvoker$ReflectiveInterceptorCall.lambda$ofVoidMethod$0(ExecutableInvoker.java:115)
	at org.junit.jupiter.engine.execution.ExecutableInvoker.lambda$invoke$0(ExecutableInvoker.java:105)
	at org.junit.jupiter.engine.execution.InvocationInterceptorChain$InterceptedInvocation.proceed(InvocationInterceptorChain.java:106)
	at org.junit.jupiter.engine.execution.InvocationInterceptorChain.proceed(InvocationInterceptorChain.java:64)
	at org.junit.jupiter.engine.execution.InvocationInterceptorChain.chainAndInvoke(InvocationInterceptorChain.java:45)
	at org.junit.jupiter.engine.execution.InvocationInterceptorChain.invoke(InvocationInterceptorChain.java:37)
	at org.junit.jupiter.engine.execution.ExecutableInvoker.invoke(ExecutableInvoker.java:104)
	at org.junit.jupiter.engine.execution.ExecutableInvoker.invoke(ExecutableInvoker.java:98)
	at org.junit.jupiter.engine.descriptor.TestMethodTestDescriptor.lambda$invokeTestMethod$6(TestMethodTestDescriptor.java:210)
	at org.junit.platform.engine.support.hierarchical.ThrowableCollector.execute(ThrowableCollector.java:73)
	at org.junit.jupiter.engine.descriptor.TestMethodTestDescriptor.invokeTestMethod(TestMethodTestDescriptor.java:206)
	at org.junit.jupiter.engine.descriptor.TestMethodTestDescriptor.execute(TestMethodTestDescriptor.java:131)
	at org.junit.jupiter.engine.descriptor.TestMethodTestDescriptor.execute(TestMethodTestDescriptor.java:65)
	at org.junit.platform.engine.support.hierarchical.NodeTestTask.lambda$executeRecursively$5(NodeTestTask.java:139)
	at org.junit.platform.engine.support.hierarchical.ThrowableCollector.execute(ThrowableCollector.java:73)
	at org.junit.platform.engine.support.hierarchical.NodeTestTask.lambda$executeRecursively$7(NodeTestTask.java:129)
	at org.junit.platform.engine.support.hierarchical.Node.around(Node.java:137)
	at org.junit.platform.engine.support.hierarchical.NodeTestTask.lambda$executeRecursively$8(NodeTestTask.java:127)
	at org.junit.platform.engine.support.hierarchical.ThrowableCollector.execute(ThrowableCollector.java:73)
	at org.junit.platform.engine.support.hierarchical.NodeTestTask.executeRecursively(NodeTestTask.java:126)
	at org.junit.platform.engine.support.hierarchical.NodeTestTask.execute(NodeTestTask.java:84)
	at java.util.ArrayList.forEach(ArrayList.java:1259)
	at org.junit.platform.engine.support.hierarchical.SameThreadHierarchicalTestExecutorService.invokeAll(SameThreadHierarchicalTestExecutorService.java:38)
	at org.junit.platform.engine.support.hierarchical.NodeTestTask.lambda$executeRecursively$5(NodeTestTask.java:143)
	at org.junit.platform.engine.support.hierarchical.ThrowableCollector.execute(ThrowableCollector.java:73)
	at org.junit.platform.engine.support.hierarchical.NodeTestTask.lambda$executeRecursively$7(NodeTestTask.java:129)
	at org.junit.platform.engine.support.hierarchical.Node.around(Node.java:137)
	at org.junit.platform.engine.support.hierarchical.NodeTestTask.lambda$executeRecursively$8(NodeTestTask.java:127)
	at org.junit.platform.engine.support.hierarchical.ThrowableCollector.execute(ThrowableCollector.java:73)
	at org.junit.platform.engine.support.hierarchical.NodeTestTask.executeRecursively(NodeTestTask.java:126)
	at org.junit.platform.engine.support.hierarchical.NodeTestTask.execute(NodeTestTask.java:84)
	at java.util.ArrayList.forEach(ArrayList.java:1259)
	at org.junit.platform.engine.support.hierarchical.SameThreadHierarchicalTestExecutorService.invokeAll(SameThreadHierarchicalTestExecutorService.java:38)
	at org.junit.platform.engine.support.hierarchical.NodeTestTask.lambda$executeRecursively$5(NodeTestTask.java:143)
	at org.junit.platform.engine.support.hierarchical.ThrowableCollector.execute(ThrowableCollector.java:73)
	at org.junit.platform.engine.support.hierarchical.NodeTestTask.lambda$executeRecursively$7(NodeTestTask.java:129)
	at org.junit.platform.engine.support.hierarchical.Node.around(Node.java:137)
	at org.junit.platform.engine.support.hierarchical.NodeTestTask.lambda$executeRecursively$8(NodeTestTask.java:127)
	at org.junit.platform.engine.support.hierarchical.ThrowableCollector.execute(ThrowableCollector.java:73)
	at org.junit.platform.engine.support.hierarchical.NodeTestTask.executeRecursively(NodeTestTask.java:126)
	at org.junit.platform.engine.support.hierarchical.NodeTestTask.execute(NodeTestTask.java:84)
	at org.junit.platform.engine.support.hierarchical.SameThreadHierarchicalTestExecutorService.submit(SameThreadHierarchicalTestExecutorService.java:32)
	at org.junit.platform.engine.support.hierarchical.HierarchicalTestExecutor.execute(HierarchicalTestExecutor.java:57)
	at org.junit.platform.engine.support.hierarchical.HierarchicalTestEngine.execute(HierarchicalTestEngine.java:51)
	at org.junit.platform.launcher.core.DefaultLauncher.execute(DefaultLauncher.java:248)
	at org.junit.platform.launcher.core.DefaultLauncher.lambda$execute$5(DefaultLauncher.java:211)
	at org.junit.platform.launcher.core.DefaultLauncher.withInterceptedStreams(DefaultLauncher.java:226)
	at org.junit.platform.launcher.core.DefaultLauncher.execute(DefaultLauncher.java:199)
	at org.junit.platform.launcher.core.DefaultLauncher.execute(DefaultLauncher.java:132)
	at org.gradle.api.internal.tasks.testing.junitplatform.JUnitPlatformTestClassProcessor$CollectAllTestClassesExecutor.processAllTestClasses(JUnitPlatformTestClassProcessor.java:99)
	at org.gradle.api.internal.tasks.testing.junitplatform.JUnitPlatformTestClassProcessor$CollectAllTestClassesExecutor.access$000(JUnitPlatformTestClassProcessor.java:79)
	at org.gradle.api.internal.tasks.testing.junitplatform.JUnitPlatformTestClassProcessor.stop(JUnitPlatformTestClassProcessor.java:75)
	at org.gradle.api.internal.tasks.testing.SuiteTestClassProcessor.stop(SuiteTestClassProcessor.java:61)
	at sun.reflect.NativeMethodAccessorImpl.invoke0(Native Method)
	at sun.reflect.NativeMethodAccessorImpl.invoke(NativeMethodAccessorImpl.java:62)
	at sun.reflect.DelegatingMethodAccessorImpl.invoke(DelegatingMethodAccessorImpl.java:43)
	at java.lang.reflect.Method.invoke(Method.java:498)
	at org.gradle.internal.dispatch.ReflectionDispatch.dispatch(ReflectionDispatch.java:36)
	at org.gradle.internal.dispatch.ReflectionDispatch.dispatch(ReflectionDispatch.java:24)
	at org.gradle.internal.dispatch.ContextClassLoaderDispatch.dispatch(ContextClassLoaderDispatch.java:33)
	at org.gradle.internal.dispatch.ProxyDispatchAdapter$DispatchingInvocationHandler.invoke(ProxyDispatchAdapter.java:94)
	at com.sun.proxy.$Proxy2.stop(Unknown Source)
	at org.gradle.api.internal.tasks.testing.worker.TestWorker.stop(TestWorker.java:133)
	at sun.reflect.NativeMethodAccessorImpl.invoke0(Native Method)
	at sun.reflect.NativeMethodAccessorImpl.invoke(NativeMethodAccessorImpl.java:62)
	at sun.reflect.DelegatingMethodAccessorImpl.invoke(DelegatingMethodAccessorImpl.java:43)
	at java.lang.reflect.Method.invoke(Method.java:498)
	at org.gradle.internal.dispatch.ReflectionDispatch.dispatch(ReflectionDispatch.java:36)
	at org.gradle.internal.dispatch.ReflectionDispatch.dispatch(ReflectionDispatch.java:24)
	at org.gradle.internal.remote.internal.hub.MessageHubBackedObjectConnection$DispatchWrapper.dispatch(MessageHubBackedObjectConnection.java:182)
	at org.gradle.internal.remote.internal.hub.MessageHubBackedObjectConnection$DispatchWrapper.dispatch(MessageHubBackedObjectConnection.java:164)
	at org.gradle.internal.remote.internal.hub.MessageHub$Handler.run(MessageHub.java:414)
	at org.gradle.internal.concurrent.ExecutorPolicy$CatchAndRecordFailures.onExecute(ExecutorPolicy.java:64)
	at org.gradle.internal.concurrent.ManagedExecutorImpl$1.run(ManagedExecutorImpl.java:48)
	at java.util.concurrent.ThreadPoolExecutor.runWorker(ThreadPoolExecutor.java:1149)
	at java.util.concurrent.ThreadPoolExecutor$Worker.run(ThreadPoolExecutor.java:624)
	at org.gradle.internal.concurrent.ThreadFactoryImpl$ManagedThreadRunnable.run(ThreadFactoryImpl.java:56)
	at java.lang.Thread.run(Thread.java:748)
Caused by: java.net.URISyntaxException: Illegal character in opaque part at index 2: D:\Study\GitHub\Projects\Team Project\LoveData
	at java.net.URI$Parser.fail(URI.java:2847)
	at java.net.URI$Parser.checkChars(URI.java:3020)
	at java.net.URI$Parser.parse(URI.java:3057)
	at java.net.URI.&lt;init&gt;(URI.java:588)
	at java.net.URI.create(URI.java:850)
	... 89 more
</failure>
  </testcase>
  <testcase name="SetTest()" classname="com.project.love_data.LoveDataApplicationTests" time="0.003"/>
  <testcase name="QueueTest()" classname="com.project.love_data.LoveDataApplicationTests" time="0.003"/>
  <testcase name="contextLoads()" classname="com.project.love_data.LoveDataApplicationTests" time="0.005"/>
  <system-out><![CDATA[?[2m2021-06-17 02:09:05.238?[0;39m ?[32m INFO?[0;39m ?[35m9948?[0;39m ?[2m---?[0;39m ?[2m[    Test worker]?[0;39m ?[36m.b.t.c.SpringBootTestContextBootstrapper?[0;39m ?[2m:?[0;39m Neither @ContextConfiguration nor @ContextHierarchy found for test class [com.project.love_data.LoveDataApplicationTests], using SpringBootContextLoader
?[2m2021-06-17 02:09:05.239?[0;39m ?[32m INFO?[0;39m ?[35m9948?[0;39m ?[2m---?[0;39m ?[2m[    Test worker]?[0;39m ?[36mo.s.t.c.support.AbstractContextLoader   ?[0;39m ?[2m:?[0;39m Could not detect default resource locations for test class [com.project.love_data.LoveDataApplicationTests]: no resource found for suffixes {-context.xml, Context.groovy}.
?[2m2021-06-17 02:09:05.239?[0;39m ?[32m INFO?[0;39m ?[35m9948?[0;39m ?[2m---?[0;39m ?[2m[    Test worker]?[0;39m ?[36mt.c.s.AnnotationConfigContextLoaderUtils?[0;39m ?[2m:?[0;39m Could not detect default configuration classes for test class [com.project.love_data.LoveDataApplicationTests]: LoveDataApplicationTests does not declare any static, non-private, non-final, nested classes annotated with @Configuration.
?[2m2021-06-17 02:09:05.241?[0;39m ?[32m INFO?[0;39m ?[35m9948?[0;39m ?[2m---?[0;39m ?[2m[    Test worker]?[0;39m ?[36m.b.t.c.SpringBootTestContextBootstrapper?[0;39m ?[2m:?[0;39m Found @SpringBootConfiguration com.project.love_data.LoveDataApplication for test class com.project.love_data.LoveDataApplicationTests
?[2m2021-06-17 02:09:05.242?[0;39m ?[32m INFO?[0;39m ?[35m9948?[0;39m ?[2m---?[0;39m ?[2m[    Test worker]?[0;39m ?[36m.b.t.c.SpringBootTestContextBootstrapper?[0;39m ?[2m:?[0;39m Loaded default TestExecutionListener class names from location [META-INF/spring.factories]: [org.springframework.security.test.context.support.WithSecurityContextTestExecutionListener, org.springframework.security.test.context.support.ReactorContextTestExecutionListener, org.springframework.boot.test.autoconfigure.restdocs.RestDocsTestExecutionListener, org.springframework.boot.test.autoconfigure.web.client.MockRestServiceServerResetTestExecutionListener, org.springframework.boot.test.autoconfigure.web.servlet.MockMvcPrintOnlyOnFailureTestExecutionListener, org.springframework.boot.test.autoconfigure.web.servlet.WebDriverTestExecutionListener, org.springframework.boot.test.autoconfigure.webservices.client.MockWebServiceServerTestExecutionListener, org.springframework.boot.test.mock.mockito.MockitoTestExecutionListener, org.springframework.boot.test.mock.mockito.ResetMocksTestExecutionListener, org.springframework.test.context.web.ServletTestExecutionListener, org.springframework.test.context.support.DirtiesContextBeforeModesTestExecutionListener, org.springframework.test.context.event.ApplicationEventsTestExecutionListener, org.springframework.test.context.support.DependencyInjectionTestExecutionListener, org.springframework.test.context.support.DirtiesContextTestExecutionListener, org.springframework.test.context.transaction.TransactionalTestExecutionListener, org.springframework.test.context.jdbc.SqlScriptsTestExecutionListener, org.springframework.test.context.event.EventPublishingTestExecutionListener]
?[2m2021-06-17 02:09:05.243?[0;39m ?[32m INFO?[0;39m ?[35m9948?[0;39m ?[2m---?[0;39m ?[2m[    Test worker]?[0;39m ?[36m.b.t.c.SpringBootTestContextBootstrapper?[0;39m ?[2m:?[0;39m Using TestExecutionListeners: [org.springframework.test.context.web.ServletTestExecutionListener@17218982, org.springframework.test.context.support.DirtiesContextBeforeModesTestExecutionListener@2af76ace, org.springframework.test.context.event.ApplicationEventsTestExecutionListener@44d0f6d8, org.springframework.boot.test.mock.mockito.MockitoTestExecutionListener@4a16833e, org.springframework.boot.test.autoconfigure.SpringBootDependencyInjectionTestExecutionListener@51e06e67, org.springframework.test.context.support.DirtiesContextTestExecutionListener@4050df8f, org.springframework.test.context.transaction.TransactionalTestExecutionListener@3f5876b, org.springframework.test.context.jdbc.SqlScriptsTestExecutionListener@7d84eb58, org.springframework.security.test.context.support.WithSecurityContextTestExecutionListener@2f4531d9, org.springframework.test.context.event.EventPublishingTestExecutionListener@692f2f19, org.springframework.security.test.context.support.ReactorContextTestExecutionListener@46ce3388, org.springframework.boot.test.autoconfigure.restdocs.RestDocsTestExecutionListener@1ccace22, org.springframework.boot.test.autoconfigure.web.client.MockRestServiceServerResetTestExecutionListener@1a87ef9b, org.springframework.boot.test.autoconfigure.web.servlet.MockMvcPrintOnlyOnFailureTestExecutionListener@ac05c35, org.springframework.boot.test.autoconfigure.web.servlet.WebDriverTestExecutionListener@3da57c96, org.springframework.boot.test.autoconfigure.webservices.client.MockWebServiceServerTestExecutionListener@77d41ede, org.springframework.boot.test.mock.mockito.ResetMocksTestExecutionListener@520acc88]
(User dir) : D:\Study\GitHub\Projects\Team Project\LoveData
(User home) : C:\Users\mon0m
(java home) : C:\Program Files\Java\jdk1.8.0_281\jre

012345USERDOMAIN_ROAMINGPROFILE : MYPC
JetBrains Rider : C:\Program Files\JetBrains\JetBrains Rider 2020.1.4\bin;
PROCESSOR_LEVEL : 23
SESSIONNAME : Console
ALLUSERSPROFILE : C:\ProgramData
INTEL_DEV_REDIST : C:\Program Files (x86)\Common Files\Intel\Shared Libraries\
PROCESSOR_ARCHITECTURE : AMD64
MIC_LD_LIBRARY_PATH : C:\Program Files (x86)\Common Files\Intel\Shared Libraries\compiler\lib\mic
PSModulePath : C:\Program Files\WindowsPowerShell\Modules;C:\WINDOWS\system32\WindowsPowerShell\v1.0\Modules;C:\Program Files\Intel\Wired Networking\
__INTELLIJ_COMMAND_HISTFILE__ : C:\Users\mon0m\AppData\Local\JetBrains\IntelliJIdea2021.1\terminal\history\love_data-history
SystemDrive : C:
ADSK_3DSMAX_x64_2014 : C:\Program Files\Autodesk\3ds Max 2014\
DIRNAME : C:\Gradle\gradle-6.5.1\bin\
USERNAME : ARA
CMD_LINE_ARGS : test -i
ProgramFiles(x86) : C:\Program Files (x86)
FPS_BROWSER_USER_PROFILE_STRING : Default
APP_HOME : C:\Gradle\gradle-6.5.1
DEFAULT_JVM_OPTS : "-Xmx64m" "-Xms64m"
PATHEXT : .COM;.EXE;.BAT;.CMD;.VBS;.VBE;.JS;.JSE;.WSF;.WSH;.MSC
DriverData : C:\Windows\System32\Drivers\DriverData
CLion : C:\Program Files\JetBrains\CLion 2019.1.4\bin;
ProgramData : C:\ProgramData
GIT_LFS_PATH : C:\Program Files\Git LFS
ProgramW6432 : C:\Program Files
HOMEPATH : \Users\mon0m
TERM_SESSION_ID : bd7f01b6-6584-42c9-991d-6231f912d280
PROCESSOR_IDENTIFIER : AMD64 Family 23 Model 8 Stepping 2, AuthenticAMD
ProgramFiles : C:\Program Files
PUBLIC : C:\Users\Public
windir : C:\WINDOWS
=:: : ::\
PhpStorm : C:\Program Files\JetBrains\PhpStorm 2020.3.3\bin;
_SKIP : 2
LOCALAPPDATA : C:\Users\mon0m\AppData\Local
ChocolateyLastPathUpdate : 132415983536090692
IntelliJ IDEA : C:\Program Files\JetBrains\IntelliJ IDEA 2020.2.4\bin;
USERDOMAIN : MYPC
FPS_BROWSER_APP_PROFILE_STRING : Internet Explorer
LOGONSERVER : \\MYPC
JAVA_HOME : C:\Program Files\Java\jdk1.8.0_281\
PROMPT : $P$G
WebStorm : C:\Program Files\JetBrains\WebStorm 2021.1.1\bin;
OPENCV_BUILD : C:\opencv\build
CATALINA_BASE : C:\Program Files\apache-tomcat-9.0.44
OneDrive : C:\Users\mon0m\OneDrive
APPDATA : C:\Users\mon0m\AppData\Roaming
JAVA_EXE : C:\Program Files\Java\jdk1.8.0_281\/bin/java.exe
ChocolateyInstall : C:\ProgramData\chocolatey
M3_HOME : C:\Program Files\apache-maven-3.6.0
CommonProgramFiles : C:\Program Files\Common Files
Path : C:\oraclexe\app\oracle\product\11.2.0\server\bin;C:\Program Files\Common Files\Oracle\Java\javapath;C:\Program Files (x86)\Common Files\Oracle\Java\javapath;C:\Program Files (x86)\Common Files\Intel\Shared Libraries\redist\intel64\compiler;C:\Program Files\mingw-w64\x86_64-8.1.0-win32-seh-rt_v6-rev0\mingw64\bin;C:\Program Files\CMake\bin;C:\Gradle\gradle-6.5.1\bin;C:\Program Files\dotnet\;C:\WINDOWS\system32;C:\WINDOWS;C:\WINDOWS\System32\Wbem;C:\WINDOWS\System32\WindowsPowerShell\v1.0\;C:\WINDOWS\System32\OpenSSH\;C:\Users\mon0m\AppData\Local\Android\Sdk\platform-tools;C:\Program Files\apache-maven-3.6.0\bin;C:\Program Files\Microsoft SQL Server\120\Tools\Binn\;C:\opencv\build\x64\vc15\bin;C:\Program Files\Java\jdk1.8.0_281\\bin;C:\Program Files (x86)\MySQL\MySQL Fabric 1.5 & MySQL Utilities 1.5\;C:\Program Files (x86)\MySQL\MySQL Fabric 1.5 & MySQL Utilities 1.5\Doctrine extensions for PHP\;C:\Program Files\Microsoft SQL Server\130\Tools\Binn\;C:\Program Files\Microsoft SQL Server\Client SDK\ODBC\170\Tools\Binn\;C:\WINDOWS\system32;C:\WINDOWS;C:\WINDOWS\System32\Wbem;C:\WINDOWS\System32\WindowsPowerShell\v1.0\;C:\WINDOWS\System32\OpenSSH\;C:\Program Files\Git\cmd;C:\ProgramData\chocolatey\bin;C:\Program Files\Git LFS;C:\Program Files (x86)\IncrediBuild;;C:\Program Files\Docker\Docker\resources\bin;C:\ProgramData\DockerDesktop\version-bin;C:\Program Files\nodejs\;C:\Program Files\MySQL\MySQL Shell 8.0\bin\;%PATCH%;C:\mysql\bin;C:\Program Files\JetBrains\PhpStorm 2020.1.2\bin;C:\Users\mon0m\AppData\Local\Microsoft\WindowsApps;C:\Users\mon0m\AppData\Local\Programs\Microsoft VS Code\bin;C:\Program Files\JetBrains\JetBrains Rider 2020.1.4\bin;C:\Users\mon0m\.dotnet\tools;C:\Program Files\JetBrains\WebStorm 2020.3.3\bin;C:\Program Files\JetBrains\IntelliJ IDEA 2020.2.4\bin;C:\Program Files\JetBrains\PhpStorm 2020.3.3\bin;C:\Program Files\Bandizip\;C:\Users\mon0m\AppData\Roaming\npm;C:\Program Files\JetBrains\WebStorm 2021.1.1\bin;;C:\Users\mon0m\.dotnet\tools
PyCharm : C:\Program Files\JetBrains\PyCharm 2020.1.1\bin;
OS : Windows_NT
COMPUTERNAME : MYPC
CATALINA_HOME : C:\Program Files\apache-tomcat-9.0.44
PROCESSOR_REVISION : 0802
CLASSPATH : C:\Gradle\gradle-6.5.1\lib\gradle-launcher-6.5.1.jar
CommonProgramW6432 : C:\Program Files\Common Files
ComSpec : C:\WINDOWS\system32\cmd.exe
APP_BASE_NAME : gradle
TERMINAL_EMULATOR : JetBrains-JediTerm
=D: : D:\Study\GitHub\Projects\Team Project\LoveData
SystemRoot : C:\WINDOWS
TEMP : C:\Users\mon0m\AppData\Local\Temp
HOMEDRIVE : C:
USERPROFILE : C:\Users\mon0m
CLSID : {D5734919-F779-41EA-82E1-41F667661B71}
TMP : C:\Users\mon0m\AppData\Local\Temp
CommonProgramFiles(x86) : C:\Program Files (x86)\Common Files
NUMBER_OF_PROCESSORS : 12
IDEA_INITIAL_DIRECTORY : C:\WINDOWS\system32
]]></system-out>
  <system-err><![CDATA[]]></system-err>
</testsuite>
